info it worked if it ends with ok
verbose cli [ 'node', '/usr/bin/npm', 'install', '-g', 'express' ]
info using npm@1.1.4
info using node@v0.6.12
verbose config file /home/dhh/.npmrc
verbose config file /usr/etc/npmrc
verbose config file /usr/share/npm/npmrc
verbose cache add [ 'express', null ]
silly cache add: name, spec, args [ undefined, 'express', [ 'express', null ] ]
verbose parsed url { pathname: 'express', path: 'express', href: 'express' }
verbose addNamed [ 'express', '' ]
verbose addNamed [ null, '' ]
silly name, range, hasData [ 'express', '', false ]
verbose raw, before any munging express
verbose url resolving [ 'https://registry.npmjs.org/', './express' ]
verbose url resolved https://registry.npmjs.org/express
http GET https://registry.npmjs.org/express
http 200 https://registry.npmjs.org/express
silly get cb [ 200,
silly get cb   { vary: 'Accept',
silly get cb     server: 'CouchDB/1.2.1 (Erlang OTP/R15B03)',
silly get cb     etag: '"A3MHIBRPL2HYXKWYHRXTE0BKA"',
silly get cb     date: 'Thu, 21 Feb 2013 04:07:30 GMT',
silly get cb     'content-type': 'application/json',
silly get cb     'content-length': '282118' } ]
verbose mkdir (expected) error ENOENT, no such file or directory '/home/dhh/.npm/express'
verbose mkdir done: /home/dhh/.npm/express 755
silly name, range, hasData 2 [ 'express', '', true ]
silly versions [ 'express',
silly versions   [ '0.14.0',
silly versions     '0.14.1',
silly versions     '1.0.0beta',
silly versions     '1.0.0beta2',
silly versions     '1.0.0rc',
silly versions     '1.0.0rc2',
silly versions     '1.0.0rc3',
silly versions     '1.0.0rc4',
silly versions     '1.0.0',
silly versions     '1.0.1',
silly versions     '1.0.2',
silly versions     '1.0.3',
silly versions     '1.0.4',
silly versions     '1.0.5',
silly versions     '1.0.6',
silly versions     '1.0.7',
silly versions     '2.5.0',
silly versions     '2.5.1',
silly versions     '2.5.2',
silly versions     '2.5.3',
silly versions     '2.5.4',
silly versions     '2.5.5',
silly versions     '2.5.6',
silly versions     '2.5.7',
silly versions     '2.5.8',
silly versions     '2.5.9',
silly versions     '3.0.0alpha1',
silly versions     '3.0.0alpha2',
silly versions     '3.0.0alpha3',
silly versions     '3.0.0alpha4',
silly versions     '3.0.0alpha5',
silly versions     '3.0.0beta1',
silly versions     '3.0.0beta2',
silly versions     '3.0.0beta3',
silly versions     '2.5.10',
silly versions     '3.0.0beta4',
silly versions     '2.5.11',
silly versions     '3.0.0beta6',
silly versions     '3.0.0beta7',
silly versions     '3.0.0rc1',
silly versions     '3.0.0rc2',
silly versions     '3.0.0rc3',
silly versions     '3.0.0rc4',
silly versions     '3.0.0rc5',
silly versions     '3.0.0',
silly versions     '3.0.1',
silly versions     '3.0.2',
silly versions     '3.0.3',
silly versions     '3.0.4',
silly versions     '3.0.5',
silly versions     '3.0.6',
silly versions     '3.1.0' ] ]
verbose bin dist [ '0.6-ares1.7.5-evundefined-openssl1.0.1-v83.7.12.22-linux-ia32-3.2.0-37-generic-pae',
verbose bin dist   { shasum: 'f869b2d92320f5c3dd496c172e06f02b6ad43310',
verbose bin dist     tarball: 'http://registry.npmjs.org/express/-/express-3.1.0.tgz' } ]
verbose addRemoteTarball [ 'https://registry.npmjs.org/express/-/express-3.1.0.tgz',
verbose addRemoteTarball   'f869b2d92320f5c3dd496c172e06f02b6ad43310' ]
verbose mkdir (expected) error ENOENT, no such file or directory '/tmp/npm-1361419652602'
verbose mkdir (expected) error ENOENT, no such file or directory '/tmp/npm-1361419652602/1361419652602-0.2949875558260828'
verbose mkdir done: /tmp/npm-1361419652602/1361419652602-0.2949875558260828 755
verbose fetch to /tmp/npm-1361419652602/1361419652602-0.2949875558260828/tmp.tgz
http GET https://registry.npmjs.org/express/-/express-3.1.0.tgz
http 200 https://registry.npmjs.org/express/-/express-3.1.0.tgz
silly updated sha bytes 35342
info shasum f869b2d92320f5c3dd496c172e06f02b6ad43310
info shasum /tmp/npm-1361419652602/1361419652602-0.2949875558260828/tmp.tgz
verbose mkdir (expected) error ENOENT, no such file or directory '/tmp/npm-1361419652602/1361419652602-0.2949875558260828/___package.npm'
verbose mkdir done: /tmp/npm-1361419652602/1361419652602-0.2949875558260828/___package.npm 755
verbose unpack_ uid, gid [ undefined, undefined ]
verbose unpackTarget /tmp/npm-1361419652602/1361419652602-0.2949875558260828/package
silly gunzTarPerm modes [ '755', '644' ]
silly afterUntar ok
silly asyncMap in gTP /tmp/npm-1361419652602/1361419652602-0.2949875558260828/___package.npm/package
silly asyncMap in gTP /tmp/npm-1361419652602/1361419652602-0.2949875558260828/___package.npm/package/test.js
silly asyncMap in gTP /tmp/npm-1361419652602/1361419652602-0.2949875558260828/___package.npm/package/Makefile
silly asyncMap in gTP /tmp/npm-1361419652602/1361419652602-0.2949875558260828/___package.npm/package/package.json
silly asyncMap in gTP /tmp/npm-1361419652602/1361419652602-0.2949875558260828/___package.npm/package/.travis.yml
silly asyncMap in gTP /tmp/npm-1361419652602/1361419652602-0.2949875558260828/___package.npm/package/client.js
silly asyncMap in gTP /tmp/npm-1361419652602/1361419652602-0.2949875558260828/___package.npm/package/LICENSE
silly asyncMap in gTP /tmp/npm-1361419652602/1361419652602-0.2949875558260828/___package.npm/package/index.js
silly asyncMap in gTP /tmp/npm-1361419652602/1361419652602-0.2949875558260828/___package.npm/package/Readme.md
silly asyncMap in gTP /tmp/npm-1361419652602/1361419652602-0.2949875558260828/___package.npm/package/History.md
silly asyncMap in gTP /tmp/npm-1361419652602/1361419652602-0.2949875558260828/___package.npm/package/.npmignore
silly asyncMap in gTP /tmp/npm-1361419652602/1361419652602-0.2949875558260828/___package.npm/package/bin
silly asyncMap in gTP /tmp/npm-1361419652602/1361419652602-0.2949875558260828/___package.npm/package/bin/express
silly asyncMap in gTP /tmp/npm-1361419652602/1361419652602-0.2949875558260828/___package.npm/package/lib
silly asyncMap in gTP /tmp/npm-1361419652602/1361419652602-0.2949875558260828/___package.npm/package/lib/view.js
silly asyncMap in gTP /tmp/npm-1361419652602/1361419652602-0.2949875558260828/___package.npm/package/lib/request.js
silly asyncMap in gTP /tmp/npm-1361419652602/1361419652602-0.2949875558260828/___package.npm/package/lib/utils.js
silly asyncMap in gTP /tmp/npm-1361419652602/1361419652602-0.2949875558260828/___package.npm/package/lib/response.js
silly asyncMap in gTP /tmp/npm-1361419652602/1361419652602-0.2949875558260828/___package.npm/package/lib/express.js
silly asyncMap in gTP /tmp/npm-1361419652602/1361419652602-0.2949875558260828/___package.npm/package/lib/application.js
silly asyncMap in gTP /tmp/npm-1361419652602/1361419652602-0.2949875558260828/___package.npm/package/lib/middleware.js
silly asyncMap in gTP /tmp/npm-1361419652602/1361419652602-0.2949875558260828/___package.npm/package/lib/router
silly asyncMap in gTP /tmp/npm-1361419652602/1361419652602-0.2949875558260828/___package.npm/package/lib/router/route.js
silly asyncMap in gTP /tmp/npm-1361419652602/1361419652602-0.2949875558260828/___package.npm/package/lib/router/index.js
silly chmod package 755
silly chmod bin 755
silly chmod lib 755
silly chmod router 755
verbose gunzed /tmp/npm-1361419652602/1361419652602-0.2949875558260828/___package.npm/package
verbose rm'ed /tmp/npm-1361419652602/1361419652602-0.2949875558260828/package
verbose renamed [ '/tmp/npm-1361419652602/1361419652602-0.2949875558260828/___package.npm/package',
verbose renamed   '/tmp/npm-1361419652602/1361419652602-0.2949875558260828/package' ]
verbose caching /tmp/npm-1361419652602/1361419652602-0.2949875558260828/package/package.json
verbose loadDefaults express@3.1.0
verbose tarball contents [ 'tmp.tgz', 'package' ]
verbose from cache /tmp/npm-1361419652602/1361419652602-0.2949875558260828/package/package.json
verbose pack /tmp/npm-1361419652602/1361419652602-0.2949875558260828/package
verbose pack /tmp/npm-1361419652602/1361419652602-0.2949875558260828/package /home/dhh/.npm/express/3.1.0/package.tgz
silly makeList /tmp/npm-1361419652602/1361419652602-0.2949875558260828/package
silly dir, dirLen [ '/tmp/npm-1361419652602/1361419652602-0.2949875558260828/package',
silly dir, dirLen   64 ]
verbose tarball /home/dhh/.npm/express/3.1.0/package.tgz
verbose parent /tmp/npm-1361419652602/1361419652602-0.2949875558260828/package
verbose mkdir (expected) error ENOENT, no such file or directory '/home/dhh/.npm/express/3.1.0/___package.npm'
verbose mkdir done: /home/dhh/.npm/express/3.1.0/___package.npm 755
verbose unpack_ uid, gid [ undefined, undefined ]
verbose unpackTarget /home/dhh/.npm/express/3.1.0/package
silly gunzTarPerm modes [ '755', '644' ]
silly afterUntar ok
silly asyncMap in gTP /home/dhh/.npm/express/3.1.0/___package.npm/package
silly asyncMap in gTP /home/dhh/.npm/express/3.1.0/___package.npm/package/test.js
silly asyncMap in gTP /home/dhh/.npm/express/3.1.0/___package.npm/package/Makefile
silly asyncMap in gTP /home/dhh/.npm/express/3.1.0/___package.npm/package/package.json
silly asyncMap in gTP /home/dhh/.npm/express/3.1.0/___package.npm/package/.travis.yml
silly asyncMap in gTP /home/dhh/.npm/express/3.1.0/___package.npm/package/client.js
silly asyncMap in gTP /home/dhh/.npm/express/3.1.0/___package.npm/package/LICENSE
silly asyncMap in gTP /home/dhh/.npm/express/3.1.0/___package.npm/package/index.js
silly asyncMap in gTP /home/dhh/.npm/express/3.1.0/___package.npm/package/Readme.md
silly asyncMap in gTP /home/dhh/.npm/express/3.1.0/___package.npm/package/History.md
silly asyncMap in gTP /home/dhh/.npm/express/3.1.0/___package.npm/package/.npmignore
silly asyncMap in gTP /home/dhh/.npm/express/3.1.0/___package.npm/package/bin
silly asyncMap in gTP /home/dhh/.npm/express/3.1.0/___package.npm/package/bin/express
silly asyncMap in gTP /home/dhh/.npm/express/3.1.0/___package.npm/package/lib
silly asyncMap in gTP /home/dhh/.npm/express/3.1.0/___package.npm/package/lib/view.js
silly asyncMap in gTP /home/dhh/.npm/express/3.1.0/___package.npm/package/lib/request.js
silly asyncMap in gTP /home/dhh/.npm/express/3.1.0/___package.npm/package/lib/utils.js
silly asyncMap in gTP /home/dhh/.npm/express/3.1.0/___package.npm/package/lib/response.js
silly asyncMap in gTP /home/dhh/.npm/express/3.1.0/___package.npm/package/lib/express.js
silly asyncMap in gTP /home/dhh/.npm/express/3.1.0/___package.npm/package/lib/application.js
silly asyncMap in gTP /home/dhh/.npm/express/3.1.0/___package.npm/package/lib/middleware.js
silly asyncMap in gTP /home/dhh/.npm/express/3.1.0/___package.npm/package/lib/router
silly asyncMap in gTP /home/dhh/.npm/express/3.1.0/___package.npm/package/lib/router/route.js
silly asyncMap in gTP /home/dhh/.npm/express/3.1.0/___package.npm/package/lib/router/index.js
silly chmod package 755
verbose gunzed /home/dhh/.npm/express/3.1.0/___package.npm/package
verbose rm'ed /home/dhh/.npm/express/3.1.0/package
verbose renamed [ '/home/dhh/.npm/express/3.1.0/___package.npm/package',
verbose renamed   '/home/dhh/.npm/express/3.1.0/package' ]
verbose caching /home/dhh/.npm/express/3.1.0/package/package.json
verbose loadDefaults express@3.1.0
silly updated sha bytes 34763
info shasum e90195e6af2b81ab672f70e20b2422451470e6b0
info shasum /home/dhh/.npm/express/3.1.0/package.tgz
verbose from cache /home/dhh/.npm/express/3.1.0/package/package.json
verbose chmod /home/dhh/.npm/express/3.1.0/package.tgz 644
verbose chown [ '/home/dhh/.npm/express/3.1.0/package.tgz', 1000, 1000 ]
silly resolved [ { name: 'express',
silly resolved     description: 'Sinatra inspired web development framework',
silly resolved     version: '3.1.0',
silly resolved     author: { name: 'TJ Holowaychuk', email: 'tj@vision-media.ca' },
silly resolved     contributors: 
silly resolved      [ { name: 'TJ Holowaychuk', email: 'tj@vision-media.ca' },
silly resolved        { name: 'Aaron Heckmann',
silly resolved          email: 'aaron.heckmann+github@gmail.com' },
silly resolved        { name: 'Ciaran Jessup', email: 'ciaranj@gmail.com' },
silly resolved        { name: 'Guillermo Rauch', email: 'rauchg@gmail.com' } ],
silly resolved     dependencies: 
silly resolved      { connect: '2.7.2',
silly resolved        commander: '0.6.1',
silly resolved        'range-parser': '0.0.4',
silly resolved        mkdirp: '0.3.3',
silly resolved        cookie: '0.0.5',
silly resolved        'buffer-crc32': '0.1.1',
silly resolved        fresh: '0.1.0',
silly resolved        methods: '0.0.1',
silly resolved        send: '0.1.0',
silly resolved        'cookie-signature': '0.0.1',
silly resolved        debug: '*' },
silly resolved     devDependencies: 
silly resolved      { ejs: '*',
silly resolved        mocha: '*',
silly resolved        jade: '*',
silly resolved        hjs: '*',
silly resolved        stylus: '*',
silly resolved        should: '*',
silly resolved        'connect-redis': '*',
silly resolved        'github-flavored-markdown': '*',
silly resolved        supertest: '0.0.1' },
silly resolved     keywords: 
silly resolved      [ 'express',
silly resolved        'framework',
silly resolved        'sinatra',
silly resolved        'web',
silly resolved        'rest',
silly resolved        'restful',
silly resolved        'router',
silly resolved        'app',
silly resolved        'api' ],
silly resolved     repository: { type: 'git', url: 'git://github.com/visionmedia/express.git' },
silly resolved     main: 'index',
silly resolved     bin: { express: './bin/express' },
silly resolved     scripts: { prepublish: 'npm prune', test: 'make test' },
silly resolved     engines: { node: '*' },
silly resolved     _id: 'express@3.1.0',
silly resolved     optionalDependencies: {},
silly resolved     _engineSupported: true,
silly resolved     _npmVersion: '1.1.4',
silly resolved     _nodeVersion: 'v0.6.12',
silly resolved     _defaultsLoaded: true,
silly resolved     dist: { shasum: 'e90195e6af2b81ab672f70e20b2422451470e6b0' },
silly resolved     _from: 'express' } ]
info into /usr/local/lib express@3.1.0
info installOne express@3.1.0
verbose from cache /home/dhh/.npm/express/3.1.0/package/package.json
info unbuild /usr/local/lib/node_modules/express
verbose mkdir (expected) error ENOENT, no such file or directory '/usr/local/lib/node_modules/___express.npm'
verbose unpack_ uid, gid [ undefined, undefined ]
verbose unpackTarget /usr/local/lib/node_modules/express
ERR! Could not create /usr/local/lib/node_modules/___express.npm
ERR! error installing express@3.1.0
info unbuild /usr/local/lib/node_modules/express
verbose installOne cb express@3.1.0
ERR! Error: EACCES, permission denied '/usr/local/lib/node_modules/___express.npm'
ERR! 
ERR! Please try running this command again as root/Administrator.
ERR! 
ERR! System Linux 3.2.0-37-generic-pae
ERR! command "node" "/usr/bin/npm" "install" "-g" "express"
ERR! cwd /home/dhh/www
ERR! node -v v0.6.12
ERR! npm -v 1.1.4
ERR! path /usr/local/lib/node_modules/___express.npm
ERR! code EACCES
ERR! message EACCES, permission denied '/usr/local/lib/node_modules/___express.npm'
ERR! errno {}
verbose exit [ 1, true ]
